MongoDB Connected
Server running at http://localhost:4000/
MongoDB Connected
Server running at http://localhost:5000/
MongoDB Connected
Server running at http://localhost:4000/
MongoDB Connected
Server running at http://localhost:4000/
MongoDB Connected
Server running at http://localhost:5000/
MongoDB Connected
Server running at http://localhost:5000/
MongoDB Connected
Server running at http://localhost:4000/
MongoDB Connected
MongoDB Connected
MongoDB Connected
MongoDB Connected
Server running at http://localhost:4000/
System
retorno
false
true
MongoDB Connected
Server running at http://localhost:4000/
System
retorno
false
true
System
retorno
false
System
retorno
false
true
true
System
retorno
false
true
System
retorno
false
true
System
retorno
false
true
System
retorno
false
true
System
retorno
false
true
System
retorno
false
true
System
retorno
false
true
System
retorno
false
true
System
retorno
false
true
System
retorno
false
true
System
retorno
System
retorno
false
true
true
MongoDB Connected
Server running at http://localhost:4000/
SYSTEM BACKUP DONE
SYSTEM BACKUP DONE
SYSTEM BACKUP DONE
SYSTEM BACKUP DONE
SYSTEM BACKUP DONE
SYSTEM BACKUP DONE
SYSTEM BACKUP DONE
SYSTEM BACKUP DONE
SYSTEM BACKUP DONE
SYSTEM BACKUP DONE
SYSTEM BACKUP DONE
SYSTEM BACKUP DONE
SYSTEM BACKUP DONE
SYSTEM BACKUP DONE
SYSTEM BACKUP DONE
SYSTEM BACKUP DONE
SYSTEM BACKUP DONE
SYSTEM BACKUP DONE
SYSTEM BACKUP DONE
SYSTEM BACKUP DONE
SYSTEM BACKUP DONE
SYSTEM BACKUP DONE
SYSTEM BACKUP DONE
SYSTEM BACKUP DONE
SYSTEM BACKUP DONE
SYSTEM BACKUP DONE
SYSTEM BACKUP DONE
SYSTEM BACKUP DONE
SYSTEM BACKUP DONE
SYSTEM BACKUP DONE
SYSTEM BACKUP DONE
SYSTEM BACKUP DONE
SYSTEM BACKUP DONE
SYSTEM BACKUP DONE
SYSTEM BACKUP DONE
SYSTEM BACKUP DONE
SYSTEM BACKUP DONE
SYSTEM BACKUP DONE
SYSTEM BACKUP DONE
SYSTEM BACKUP DONE
SYSTEM BACKUP DONE
SYSTEM BACKUP DONE
SYSTEM BACKUP DONE
SYSTEM BACKUP DONE
SYSTEM BACKUP DONE
SYSTEM BACKUP DONE
SYSTEM BACKUP DONE
SYSTEM BACKUP DONE
SYSTEM BACKUP DONE
SYSTEM BACKUP DONE
SYSTEM BACKUP DONE
SYSTEM BACKUP DONE
SYSTEM BACKUP DONE
SYSTEM BACKUP DONE
SYSTEM BACKUP DONE
SYSTEM BACKUP DONE
SYSTEM BACKUP DONE
SYSTEM BACKUP DONE
SYSTEM BACKUP DONE
SYSTEM BACKUP DONE
SYSTEM BACKUP DONE
SYSTEM BACKUP DONE
SYSTEM BACKUP DONE
SYSTEM BACKUP DONE
SYSTEM BACKUP DONE
SYSTEM BACKUP DONE
SYSTEM BACKUP DONE
SYSTEM BACKUP DONE
SYSTEM BACKUP DONE
SYSTEM BACKUP DONE
SYSTEM BACKUP DONE
SYSTEM BACKUP DONE
SYSTEM BACKUP DONE
SYSTEM BACKUP DONE
SYSTEM BACKUP DONE
SYSTEM BACKUP DONE
SYSTEM BACKUP DONE
SYSTEM BACKUP DONE
SYSTEM BACKUP DONE
SYSTEM BACKUP DONE
SYSTEM BACKUP DONE
SYSTEM BACKUP DONE
SYSTEM BACKUP DONE
SYSTEM BACKUP DONE
SYSTEM BACKUP DONE
SYSTEM BACKUP DONE
SYSTEM BACKUP DONE
SYSTEM BACKUP DONE
SYSTEM BACKUP DONE
SYSTEM BACKUP DONE
SYSTEM BACKUP DONE
SYSTEM BACKUP DONE
SYSTEM BACKUP DONE
SYSTEM BACKUP DONE
SYSTEM BACKUP DONE
SYSTEM BACKUP DONE
SYSTEM BACKUP DONE
SYSTEM BACKUP DONE
SYSTEM BACKUP DONE
SYSTEM BACKUP DONE
SYSTEM BACKUP DONE
SYSTEM BACKUP DONE
SYSTEM BACKUP DONE
SYSTEM BACKUP DONE
SYSTEM BACKUP DONE
SYSTEM BACKUP DONE
SYSTEM BACKUP DONE
SYSTEM BACKUP DONE
SYSTEM BACKUP DONE
SYSTEM BACKUP DONE
SYSTEM BACKUP DONE
SYSTEM BACKUP DONE
SYSTEM BACKUP DONE
SYSTEM BACKUP DONE
SYSTEM BACKUP DONE
SYSTEM BACKUP DONE
SYSTEM BACKUP DONE
SYSTEM BACKUP DONE
SYSTEM BACKUP DONE
SYSTEM BACKUP DONE
SYSTEM BACKUP DONE
SYSTEM BACKUP DONE
SYSTEM BACKUP DONE
SYSTEM BACKUP DONE
SYSTEM BACKUP DONE
SYSTEM BACKUP DONE
SYSTEM BACKUP DONE
SYSTEM BACKUP DONE
SYSTEM BACKUP DONE
SYSTEM BACKUP DONE
SYSTEM BACKUP DONE
SYSTEM BACKUP DONE
SYSTEM BACKUP DONE
SYSTEM BACKUP DONE
SYSTEM BACKUP DONE
SYSTEM BACKUP DONE
SYSTEM BACKUP DONE
SYSTEM BACKUP DONE
SYSTEM BACKUP DONE
SYSTEM BACKUP DONE
SYSTEM BACKUP DONE
SYSTEM BACKUP DONE
SYSTEM BACKUP DONE
SYSTEM BACKUP DONE
SYSTEM BACKUP DONE
SYSTEM BACKUP DONE
SYSTEM BACKUP DONE
SYSTEM BACKUP DONE
SYSTEM BACKUP DONE
SYSTEM BACKUP DONE
SYSTEM BACKUP DONE
SYSTEM BACKUP DONE
SYSTEM BACKUP DONE
SYSTEM BACKUP DONE
SYSTEM BACKUP DONE
SYSTEM BACKUP DONE
SYSTEM BACKUP DONE
SYSTEM BACKUP DONE
SYSTEM BACKUP DONE
SYSTEM BACKUP DONE
SYSTEM BACKUP DONE
SYSTEM BACKUP DONE
SYSTEM BACKUP DONE
SYSTEM BACKUP DONE
SYSTEM BACKUP DONE
SYSTEM BACKUP DONE
SYSTEM BACKUP DONE
SYSTEM BACKUP DONE
SYSTEM BACKUP DONE
SYSTEM BACKUP DONE
SYSTEM BACKUP DONE
SYSTEM BACKUP DONE
SYSTEM BACKUP DONE
SYSTEM BACKUP DONE
SYSTEM BACKUP DONE
SYSTEM BACKUP DONE
SYSTEM BACKUP DONE
SYSTEM BACKUP DONE
SYSTEM BACKUP DONE
SYSTEM BACKUP DONE
SYSTEM BACKUP DONE
SYSTEM BACKUP DONE
SYSTEM BACKUP DONE
SYSTEM BACKUP DONE
SYSTEM BACKUP DONE
SYSTEM BACKUP DONE
SYSTEM BACKUP DONE
SYSTEM BACKUP DONE
SYSTEM BACKUP DONE
SYSTEM BACKUP DONE
SYSTEM BACKUP DONE
SYSTEM BACKUP DONE
SYSTEM BACKUP DONE
SYSTEM BACKUP DONE
SYSTEM BACKUP DONE
SYSTEM BACKUP DONE
SYSTEM BACKUP DONE
SYSTEM BACKUP DONE
SYSTEM BACKUP DONE
SYSTEM BACKUP DONE
SYSTEM BACKUP DONE
SYSTEM BACKUP DONE
SYSTEM BACKUP DONE
SYSTEM BACKUP DONE
SYSTEM BACKUP DONE
SYSTEM BACKUP DONE
SYSTEM BACKUP DONE
SYSTEM BACKUP DONE
SYSTEM BACKUP DONE
SYSTEM BACKUP DONE
SYSTEM BACKUP DONE
SYSTEM BACKUP DONE
SYSTEM BACKUP DONE
SYSTEM BACKUP DONE
SYSTEM BACKUP DONE
SYSTEM BACKUP DONE
SYSTEM BACKUP DONE
SYSTEM BACKUP DONE
SYSTEM BACKUP DONE
SYSTEM BACKUP DONE
SYSTEM BACKUP DONE
SYSTEM BACKUP DONE
SYSTEM BACKUP DONE
SYSTEM BACKUP DONE
SYSTEM BACKUP DONE
SYSTEM BACKUP DONE
SYSTEM BACKUP DONE
SYSTEM BACKUP DONE
SYSTEM BACKUP DONE
SYSTEM BACKUP DONE
SYSTEM BACKUP DONE
SYSTEM BACKUP DONE
SYSTEM BACKUP DONE
SYSTEM BACKUP DONE
SYSTEM BACKUP DONE
SYSTEM BACKUP DONE
SYSTEM BACKUP DONE
SYSTEM BACKUP DONE
SYSTEM BACKUP DONE
SYSTEM BACKUP DONE
SYSTEM BACKUP DONE
SYSTEM BACKUP DONE
SYSTEM BACKUP DONE
SYSTEM BACKUP DONE
SYSTEM BACKUP DONE
SYSTEM BACKUP DONE
SYSTEM BACKUP DONE
SYSTEM BACKUP DONE
SYSTEM BACKUP DONE
SYSTEM BACKUP DONE
SYSTEM BACKUP DONE
SYSTEM BACKUP DONE
SYSTEM BACKUP DONE
SYSTEM BACKUP DONE
SYSTEM BACKUP DONE
SYSTEM BACKUP DONE
SYSTEM BACKUP DONE
SYSTEM BACKUP DONE
SYSTEM BACKUP DONE
SYSTEM BACKUP DONE
SYSTEM BACKUP DONE
SYSTEM BACKUP DONE
SYSTEM BACKUP DONE
SYSTEM BACKUP DONE
SYSTEM BACKUP DONE
SYSTEM BACKUP DONE
SYSTEM BACKUP DONE
SYSTEM BACKUP DONE
SYSTEM BACKUP DONE
SYSTEM BACKUP DONE
SYSTEM BACKUP DONE
SYSTEM BACKUP DONE
SYSTEM BACKUP DONE
SYSTEM BACKUP DONE
SYSTEM BACKUP DONE
SYSTEM BACKUP DONE
SYSTEM BACKUP DONE
SYSTEM BACKUP DONE
SYSTEM BACKUP DONE
SYSTEM BACKUP DONE
SYSTEM BACKUP DONE
SYSTEM BACKUP DONE
SYSTEM BACKUP DONE
SYSTEM BACKUP DONE
SYSTEM BACKUP DONE
SYSTEM BACKUP DONE
SYSTEM BACKUP DONE
SYSTEM BACKUP DONE
SYSTEM BACKUP DONE
SYSTEM BACKUP DONE
SYSTEM BACKUP DONE
SYSTEM BACKUP DONE
SYSTEM BACKUP DONE
SYSTEM BACKUP DONE
SYSTEM BACKUP DONE
SYSTEM BACKUP DONE
SYSTEM BACKUP DONE
SYSTEM BACKUP DONE
SYSTEM BACKUP DONE
SYSTEM BACKUP DONE
SYSTEM BACKUP DONE
SYSTEM BACKUP DONE
SYSTEM BACKUP DONE
SYSTEM BACKUP DONE
SYSTEM BACKUP DONE
SYSTEM BACKUP DONE
SYSTEM BACKUP DONE
SYSTEM BACKUP DONE
SYSTEM BACKUP DONE
SYSTEM BACKUP DONE
SYSTEM BACKUP DONE
SYSTEM BACKUP DONE
SYSTEM BACKUP DONE
SYSTEM BACKUP DONE
SYSTEM BACKUP DONE
SYSTEM BACKUP DONE
SYSTEM BACKUP DONE
SYSTEM BACKUP DONE
SYSTEM BACKUP DONE
SYSTEM BACKUP DONE
SYSTEM BACKUP DONE
SYSTEM BACKUP DONE
SYSTEM BACKUP DONE
SYSTEM BACKUP DONE
SYSTEM BACKUP DONE
SYSTEM BACKUP DONE
SYSTEM BACKUP DONE
SYSTEM BACKUP DONE
SYSTEM BACKUP DONE
SYSTEM BACKUP DONE
SYSTEM BACKUP DONE
SYSTEM BACKUP DONE
SYSTEM BACKUP DONE
SYSTEM BACKUP DONE
SYSTEM BACKUP DONE
SYSTEM BACKUP DONE
SYSTEM BACKUP DONE
SYSTEM BACKUP DONE
SYSTEM BACKUP DONE
SYSTEM BACKUP DONE
SYSTEM BACKUP DONE
SYSTEM BACKUP DONE
SYSTEM BACKUP DONE
SYSTEM BACKUP DONE
SYSTEM BACKUP DONE
SYSTEM BACKUP DONE
SYSTEM BACKUP DONE
SYSTEM BACKUP DONE
SYSTEM BACKUP DONE
SYSTEM BACKUP DONE
SYSTEM BACKUP DONE
SYSTEM BACKUP DONE
SYSTEM BACKUP DONE
SYSTEM BACKUP DONE
SYSTEM BACKUP DONE
SYSTEM BACKUP DONE
SYSTEM BACKUP DONE
SYSTEM BACKUP DONE
SYSTEM BACKUP DONE
SYSTEM BACKUP DONE
SYSTEM BACKUP DONE
SYSTEM BACKUP DONE
SYSTEM BACKUP DONE
SYSTEM BACKUP DONE
SYSTEM BACKUP DONE
SYSTEM BACKUP DONE
SYSTEM BACKUP DONE
SYSTEM BACKUP DONE
SYSTEM BACKUP DONE
SYSTEM BACKUP DONE
SYSTEM BACKUP DONE
SYSTEM BACKUP DONE
SYSTEM BACKUP DONE
SYSTEM BACKUP DONE
SYSTEM BACKUP DONE
SYSTEM BACKUP DONE
MongoDB Connected
Server running at http://localhost:4000/
SYSTEM BACKUP DONE
SYSTEM BACKUP DONE
SYSTEM BACKUP DONE
SYSTEM BACKUP DONE
SYSTEM BACKUP DONE
SYSTEM BACKUP DONE
SYSTEM BACKUP DONE
SYSTEM BACKUP DONE
SYSTEM BACKUP DONE
MongoDB Connected
Server running at http://localhost:4000/
SYSTEM BACKUP DONE
MongoDB Connected
Server running at http://localhost:4000/
MongoDB Connected
Server running at http://localhost:4000/
MongoDB Connected
Server running at http://localhost:4000/
SYSTEM BACKUP DONE
SYSTEM BACKUP DONE
SYSTEM BACKUP DONE
MongoDB Connected
Server running at http://localhost:4000/
SYSTEM BACKUP DONE
SYSTEM BACKUP DONE
MongoDB Connected
MongoDB Connected
Server running at http://localhost:4000/
MongoDB Connected
Server running at http://localhost:4000/
SYSTEM BACKUP DONE
SYSTEM BACKUP DONE
MongoDB Connected
Server running at http://localhost:4000/
MongoDB Connected
Server running at http://localhost:4000/
MongoDB Connected
Server running at http://localhost:4000/
MongoDB Connected
Server running at http://localhost:4000/
MongoDB Connected
Server running at http://localhost:4000/
SYSTEM BACKUP DONE
MongoDB Connected
Server running at http://localhost:4000/
MongoDB Connected
Server running at http://localhost:4000/
{ stdout: '',
  stderr:
   '2019-07-16T18:30:48.134-0400\twriting admin.system.users to \n2019-07-16T18:30:48.211-0400\tdone dumping admin.system.users (3 documents)\n2019-07-16T18:30:48.211-0400\twriting admin.system.version to \n2019-07-16T18:30:48.283-0400\tdone dumping admin.system.version (2 documents)\n2019-07-16T18:30:48.283-0400\twriting repuesto.backs to \n2019-07-16T18:30:48.283-0400\twriting repuesto.marcas to \n2019-07-16T18:30:48.284-0400\twriting repuesto.suplidores to \n2019-07-16T18:30:48.284-0400\twriting repuesto.usuarios to \n2019-07-16T18:30:48.364-0400\tdone dumping repuesto.marcas (8 documents)\n2019-07-16T18:30:48.364-0400\twriting repuesto.productos to \n2019-07-16T18:30:48.388-0400\tdone dumping repuesto.backs (413 documents)\n2019-07-16T18:30:48.389-0400\twriting repuesto.test to \n2019-07-16T18:30:48.443-0400\tdone dumping repuesto.productos (4 documents)\n2019-07-16T18:30:48.467-0400\tdone dumping repuesto.test (1 document)\n2019-07-16T18:30:50.363-0400\tdone dumping repuesto.suplidores (6 documents)\n2019-07-16T18:30:50.365-0400\tdone dumping repuesto.usuarios (5 documents)\n' }
{ stdout: '',
  stderr:
   '2019-07-16T18:32:37.454-0400\twriting admin.system.users to \n2019-07-16T18:32:37.537-0400\tdone dumping admin.system.users (3 documents)\n2019-07-16T18:32:37.537-0400\twriting admin.system.version to \n2019-07-16T18:32:37.609-0400\tdone dumping admin.system.version (2 documents)\n2019-07-16T18:32:37.609-0400\twriting repuesto.backs to \n2019-07-16T18:32:37.609-0400\twriting repuesto.marcas to \n2019-07-16T18:32:37.610-0400\twriting repuesto.suplidores to \n2019-07-16T18:32:37.611-0400\twriting repuesto.usuarios to \n2019-07-16T18:32:37.695-0400\tdone dumping repuesto.marcas (8 documents)\n2019-07-16T18:32:37.695-0400\twriting repuesto.productos to \n2019-07-16T18:32:37.715-0400\tdone dumping repuesto.backs (415 documents)\n2019-07-16T18:32:37.715-0400\twriting repuesto.test to \n2019-07-16T18:32:37.772-0400\tdone dumping repuesto.productos (4 documents)\n2019-07-16T18:32:37.792-0400\tdone dumping repuesto.test (1 document)\n2019-07-16T18:32:39.691-0400\tdone dumping repuesto.suplidores (6 documents)\n2019-07-16T18:32:39.691-0400\tdone dumping repuesto.usuarios (5 documents)\n' }
MongoDB Connected
Server running at http://localhost:4000/
MongoDB Connected
Server running at http://localhost:4000/
SYSTEM BACKUP DONE
MongoDB Connected
Server running at http://localhost:4000/
SYSTEM BACKUP DONE
SYSTEM BACKUP DONE
SYSTEM BACKUP DONE
SYSTEM BACKUP DONE
SYSTEM BACKUP DONE
SYSTEM BACKUP DONE
SYSTEM BACKUP DONE
SYSTEM BACKUP DONE
SYSTEM BACKUP DONE
SYSTEM BACKUP DONE
SYSTEM BACKUP DONE
MongoDB Connected
Server running at http://localhost:6000/
MongoDB Connected
Server running at http://localhost:4000/
SYSTEM BACKUP DONE
SYSTEM BACKUP DONE
MongoDB Connected
Server running at http://localhost:4000/
